-------------------------------------------------------------------------------
Test set: co.udea.heroes.api.ProyectoApiApplicationTests
-------------------------------------------------------------------------------
Tests run: 1, Failures: 0, Errors: 1, Skipped: 0, Time elapsed: 0.259 s <<< FAILURE! - in co.udea.heroes.api.ProyectoApiApplicationTests
initializationError(co.udea.heroes.api.ProyectoApiApplicationTests)  Time elapsed: 0 s  <<< ERROR!
java.lang.IllegalStateException: Unable to find a @SpringBootConfiguration, you need to use @ContextConfiguration or @SpringBootTest(classes=...) with your test

